

 2023/01/05 09:09:41  MP_PDF 1.54  /Users/jiri/Documents/Work/Science/MD/MP_tools_work/examples/lammps

 Read the parameter file:  cu_c48.par
     Cu1   0.0000  0.0000  0.0000    1.0000  7.7180
     Cu2   0.5000  0.5000  0.0000    1.0000  7.7180
     Cu3   0.5000  0.0000  0.5000    1.0000  7.7180
     Cu4   0.0000  0.5000  0.5000    1.0000  7.7180

 Atoms:             Cu1     Cu2     Cu3     Cu4 
 Atoms no.:         1       2       3       4
 Uniform at_weights:   1.0000  1.0000  1.0000  1.0000
 input: ./data/cu_c48_n0120.dat                                     

   Monte Carlo integration   100000000  pairs
   Masks:           1           1           1           1
  Postscript output written to: cu_c48_pdf_0120_0001_01.ps                                  
  Text output written to: cu_c48_pdf_0120_0001_01.txt                                 


 2023/01/05 09:12:39  MP_SQOM 1.54  /Users/jiri/Documents/Work/Science/MD/MP_tools_work/examples/lammps

 Read the parameter file:  cu_c48.par
     Cu1   0.0000  0.0000  0.0000    1.0000  0.7718
     Cu2   0.5000  0.5000  0.0000    1.0000  0.7718
     Cu3   0.5000  0.0000  0.5000    1.0000  0.7718
     Cu4   0.0000  0.5000  0.5000    1.0000  0.7718
 OMP threads maximum =            4
 OMP processes requested 	=            2


 Input files:  ./data/cu_c48_n0120.dat to ./data/cu_c48_n0124.dat
   t0,t_step,n_row(3),n_atom:   1.20000005       9.99999046E-03          48          48          48           4
   temperature [K]   300.805084    
 Atoms:        Cu1    Cu2    Cu3    Cu4 
 Occupations:  1.000  1.000  1.000  1.000
Neutron weights b_coh:        0.772  0.772  0.772  0.772
 Atom masks:   1      1      1      1
 Atom pair correlation:   0  0
 bz_n:   6.00000000    
 Q-plane: e1 = [ 1 0 0], e2 = [ 0 1 0]
 Q center, Energy transfer [THz]:   2.00000000       2.00000000       0.00000000       0.00000000    
 Total scattering
 Energy resolution [THz]     INF
 Output files:  cu_c48_sq_0120_0005_01.png   cu_c48_sq_0120_0005_01.txt


 2023/01/05 09:16:28  MP_LBIN 1.54  /Users/jiri/Documents/Work/Science/MD/MP_tools_work/examples/lammps

 Reading parameter file:  cu_c48.par
 Read snapshots number: min, step, max           1           1           5
 Saved snapshot numbers start:         120
 1st snapshot file to read:./data/cu_48.6000                                                                                                               
 Input data do not contain explicit TIME information!
 The frequency scale will rely on T_MS=   2.00000009E-04
 sim_type = TIMESTEP        
 Substance:Cu_48           n_atom, n_eq,n_row:           4           1          48          48          48
 Trajectory time start, step [ps]:   1.20000005       1.00000007E-02
 Simulation box:          48          48          48
 Lattice parameter:   3.63269901       3.63252735       3.63288212    
 Real temperature: cores only    299.588806    
 Trajectory finished:            5  .dat files written in SYS time   22.5090008      sec


 2023/01/05 09:18:09  MP_PDF 1.54  /Users/jiri/Documents/Work/Science/MD/MP_tools_work/examples/lammps

 Read the parameter file:  cu_c48.par
     Cu1   0.0000  0.0000  0.0000    1.0000  7.7180
     Cu2   0.5000  0.5000  0.0000    1.0000  7.7180
     Cu3   0.5000  0.0000  0.5000    1.0000  7.7180
     Cu4   0.0000  0.5000  0.5000    1.0000  7.7180

 Atoms:             Cu1     Cu2     Cu3     Cu4 
 Atoms no.:         1       2       3       4
 Uniform at_weights:   1.0000  1.0000  1.0000  1.0000
 input: ./data/cu_c48_n0120.dat                                     

   Monte Carlo integration   100000000  pairs
   Masks:           1           1           1           1
  Postscript output written to: cu_c48_pdf_0120_0001_02.ps                                  
  Text output written to: cu_c48_pdf_0120_0001_02.txt                                 


 2023/01/05 09:20:29  MP_SQOM 1.54  /Users/jiri/Documents/Work/Science/MD/MP_tools_work/examples/lammps

 Read the parameter file:  cu_c48.par
     Cu1   0.0000  0.0000  0.0000    1.0000  0.7718
     Cu2   0.5000  0.5000  0.0000    1.0000  0.7718
     Cu3   0.5000  0.0000  0.5000    1.0000  0.7718
     Cu4   0.0000  0.5000  0.5000    1.0000  0.7718
 OMP threads maximum =            4
 OMP processes requested 	=            2


 Input files:  ./data/cu_c48_n0120.dat to ./data/cu_c48_n0125.dat
   t0,t_step,n_row(3),n_atom:   1.20000005       9.99999046E-03          48          48          48           4
   temperature [K]   300.805084    
 Atoms:        Cu1    Cu2    Cu3    Cu4 
 Occupations:  1.000  1.000  1.000  1.000
Neutron weights b_coh:        0.772  0.772  0.772  0.772
 Atom masks:   1      1      1      1
 Atom pair correlation:   0  0
 bz_n:   6.00000000    
 Q-plane: e1 = [ 1 0 0], e2 = [ 0 1 0]
 Q center, Energy transfer [THz]:   2.00000000       2.00000000       0.00000000       0.00000000    
 Total scattering
 Energy resolution [THz]     INF
 Output files:  cu_c48_sq_0120_0005_02.png   cu_c48_sq_0120_0005_02.txt

