
 2023/01/04 17:25:59  MP_BIN 1.54  /Users/jiri/Documents/Work/Science/MD/MP_tools_work/examples/dl_poly

 Read parameter file:  BTO500c.par
 Read snapshots number: min, step, max           1           1           5
 Saved snapshot numbers start:           1
 Reading MD trajectory file:  ./data/h1.txt
 Simulation type = TIMESTEP        
 Trajectory recording mode =           1
 Boundary conditions            3
 Trajectory time start, step [ps]:   340.019989       1.99999995E-04
 Trajectory files finished:            5  .dat files written in   21.4069996      sec (SYS)



 2023/01/04 17:27:35  MP_PDF 1.54  /Users/jiri/Documents/Work/Science/MD/MP_tools_work/examples/dl_poly

 Read the parameter file:  BTO500c.par
     Ba    0.0000  0.0000  0.0000    1.0000  5.0700
     Ti    0.5000  0.5000  0.5000    1.0000 -3.4380
     O1    0.5000  0.5000  0.0000    1.0000  5.8030
     O2    0.0000  0.5000  0.5000    1.0000  5.8030
     O3    0.5000  0.0000  0.5000    1.0000  5.8030

 Atoms:             Ba      Ti      O1      O2      O3  
 Atoms no.:         1       2       3       4       5
 Uniform at_weights:   1.0000  1.0000  1.0000  1.0000  1.0000
 input: ./data/BTO500c_n0001.dat                                    

   Monte Carlo integration   100000000  pairs
   Masks:           1           1           1           1           1
  Postscript output written to: BTO500c_pdf_0001_0001_01.ps                                 
  Text output written to: BTO500c_pdf_0001_0001_01.txt                                

 Atoms:             Ba      Ti      O1      O2      O3  
 Atoms no.:         1       2       3       4       5
 Neutron at_weights:   5.0700 -3.4380  5.8030  5.8030  5.8030
 input: ./data/BTO500c_n0001.dat                                    

   Monte Carlo integration   100000000  pairs
   Masks:           1           1           1           1           1
  Postscript output written to: BTO500c_pdf_0001_0001_02.ps                                 
  Text output written to: BTO500c_pdf_0001_0001_02.txt                                


 2023/01/04 17:33:20  MP_SQOM 1.54  /Users/jiri/Documents/Work/Science/MD/MP_tools_work/examples/dl_poly

 Read the parameter file:  BTO500c.par
     Ba    0.0000  0.0000  0.0000    1.0000  0.5070
     Ti    0.5000  0.5000  0.5000    1.0000 -0.3438
     O1    0.5000  0.5000  0.0000    1.0000  0.5803
     O2    0.0000  0.5000  0.5000    1.0000  0.5803
     O3    0.5000  0.0000  0.5000    1.0000  0.5803
 OMP threads maximum =            4
 OMP processes requested 	=            2


 Input files:  ./data/BTO500c_n0001.dat to ./data/BTO500c_n0005.dat
   t0,t_step,n_row(3),n_atom:   340.019989       2.00195312E-02          50          50          50           5
   temperature [K]   509.910614    
 Atoms:        Ba     Ti     O1     O2     O3  
 Occupations:  1.000  1.000  1.000  1.000  1.000
Neutron weights b_coh:        0.507 -0.344  0.580  0.580  0.580
 Atom masks:   1      1      1      1      1
 Atom pair correlation:   0  0
 bz_n:   6.00000000    
 Q-plane: e1 = [ 1 0 0], e2 = [ 0 1 0]
 Q center, Energy transfer [THz]:   2.00000000       2.00000000       0.00000000       0.00000000    
 Total scattering
 Energy resolution [THz]     INF
 Output files:  BTO500c_sq_0001_0005_01.png   BTO500c_sq_0001_0005_01.txt


 Input files:  ./data/BTO500c_n0001.dat to ./data/BTO500c_n0005.dat
   t0,t_step,n_row(3),n_atom:   340.019989       2.00195312E-02          50          50          50           5
   temperature [K]   509.910614    
 Atoms:        Ba     Ti     O1     O2     O3  
 Occupations:  1.000  1.000  1.000  1.000  1.000
Neutron weights b_coh:        0.507 -0.344  0.580  0.580  0.580
 Atom masks:   1      0      0      0      0
 Atom pair correlation:   0  0
 bz_n:   6.00000000    
 Q-plane: e1 = [ 1 0 0], e2 = [ 0 1 0]
 Q center, Energy transfer [THz]:   2.00000000       2.00000000       0.00000000       0.00000000    
 Total scattering
 Energy resolution [THz]     INF
 Output files:  BTO500c_sq_0001_0005_02.png   BTO500c_sq_0001_0005_02.txt


 Input files:  ./data/BTO500c_n0001.dat to ./data/BTO500c_n0005.dat
   t0,t_step,n_row(3),n_atom:   340.019989       2.00195312E-02          50          50          50           5
   temperature [K]   509.910614    
 Atoms:        Ba     Ti     O1     O2     O3  
 Occupations:  1.000  1.000  1.000  1.000  1.000
Neutron weights b_coh:        0.507 -0.344  0.580  0.580  0.580
 Atom masks:   0      1      1      1      1
 Atom pair correlation:   0  0
 bz_n:   6.00000000    
 Q-plane: e1 = [ 1 0 0], e2 = [ 0 1 0]
 Q center, Energy transfer [THz]:   2.00000000       2.00000000       0.00000000       0.00000000    
 Total scattering
 Energy resolution [THz]     INF
 Output files:  BTO500c_sq_0001_0005_03.png   BTO500c_sq_0001_0005_03.txt


 Input files:  ./data/BTO500c_n0001.dat to ./data/BTO500c_n0005.dat
   t0,t_step,n_row(3),n_atom:   340.019989       2.00195312E-02          50          50          50           5
   temperature [K]   509.910614    
 Atoms:        Ba     Ti     O1     O2     O3  
 Occupations:  1.000  1.000  1.000  1.000  1.000
Xray weights b_coh:        0.507 -0.344  0.580  0.580  0.580
 Atom masks:   0      1      1      1      1
 Atom pair correlation:   0  0
 bz_n:   6.00000000    
 Q-plane: e1 = [ 1 0 0], e2 = [ 0 1 0]
 Q center, Energy transfer [THz]:   2.00000000       2.00000000       0.00000000       0.00000000    
 Total scattering
 Energy resolution [THz]     INF
 Output files:  BTO500c_sq_0001_0005_04.png   BTO500c_sq_0001_0005_04.txt


 Input files:  ./data/BTO500c_n0001.dat to ./data/BTO500c_n0005.dat
   t0,t_step,n_row(3),n_atom:   340.019989       2.00195312E-02          50          50          50           5
   temperature [K]   509.910614    
 Atoms:        Ba     Ti     O1     O2     O3  
 Occupations:  1.000  1.000  1.000  1.000  1.000
Xray weights b_coh:        0.507 -0.344  0.580  0.580  0.580
 Atom masks:   1      1      1      1      1
 Atom pair correlation:   0  0
 bz_n:   6.00000000    
 Q-plane: e1 = [ 1 0 0], e2 = [ 0 1 0]
 Q center, Energy transfer [THz]:   2.00000000       2.00000000       0.00000000       0.00000000    
 Total scattering
 Energy resolution [THz]     INF
 Output files:  BTO500c_sq_0001_0005_05.png   BTO500c_sq_0001_0005_05.txt


 Input files:  ./data/BTO500c_n0001.dat to ./data/BTO500c_n0005.dat
   t0,t_step,n_row(3),n_atom:   340.019989       2.00195312E-02          50          50          50           5
   temperature [K]   509.910614    
 Atoms:        Ba     Ti     O1     O2     O3  
 Occupations:  1.000  1.000  1.000  1.000  1.000
Xray weights b_coh:        0.507 -0.344  0.580  0.580  0.580
 Atom masks:   0      1      1      1      1
 Atom pair correlation:   0  0
 bz_n:   6.00000000    
 Q-plane: e1 = [ 1 0 0], e2 = [ 0 1 0]
 Q center, Energy transfer [THz]:   2.00000000       2.00000000       0.00000000       0.00000000    
 Total scattering
 Energy resolution [THz]     INF
 Output files:  BTO500c_sq_0001_0005_06.png   BTO500c_sq_0001_0005_06.txt


 Input files:  ./data/BTO500c_n0001.dat to ./data/BTO500c_n0005.dat
   t0,t_step,n_row(3),n_atom:   340.019989       2.00195312E-02          50          50          50           5
   temperature [K]   509.910614    
 Atoms:        Ba     Ti     O1     O2     O3  
 Occupations:  1.000  1.000  1.000  1.000  1.000
Xray weights b_coh:        0.507 -0.344  0.580  0.580  0.580
 Atom masks:   1      0      0      0      0
 Atom pair correlation:   0  0
 bz_n:   6.00000000    
 Q-plane: e1 = [ 1 0 0], e2 = [ 0 1 0]
 Q center, Energy transfer [THz]:   2.00000000       2.00000000       0.00000000       0.00000000    
 Total scattering
 Energy resolution [THz]     INF
 Output files:  BTO500c_sq_0001_0005_07.png   BTO500c_sq_0001_0005_07.txt

