

 2022/06/11 10:05:10  mp_bin53  /Users/jiri/Documents/Work/Science/MD/MP_tools/examples/dl_poly
 Read parameter file:  BTO500.par
 Read snapshots number: min, step, max           1           1           5
 Saved snapshot numbers start:           1
 Reading MD trajectory file:  data/h1.txt
 sim_type = timestep        
 trajectory recording mode =           1
 boundary conditions            3
 Trajectory time start, step [ps]:   340.019989       1.99999995E-04
 Real temperature: cores only    510.768799    
 Trajectory files finished:            5  .dat files written in   54.6739998      sec (SYS)



 2022/06/11 10:07:54  mp_pdf53  /Users/jiri/Documents/Work/Science/MD/MP_tools/examples/dl_poly

 Read parameter file:  BTO500.par
 OpenMP not in use

     Ba    0.0000  0.0000  0.0000    1.0000  0.5070
     Ti    0.5000  0.5000  0.5000    1.0000 -0.3370
     O1    0.5000  0.5000  0.0000    1.0000  0.5805
     O2    0.0000  0.5000  0.5000    1.0000  0.5805
     O3    0.5000  0.0000  0.5000    1.0000  0.5805

 Atoms:             Ba      Ti      O1      O2      O3  
 Atoms no.:         1       2       3       4       5
 Uniform at_weights:   1.0000  1.0000  1.0000  1.0000  1.0000
 input: ./data/BTO500_n0001.dat                                     

   Monte Carlo integration    20000000  pairs
   Masks:           1           1           1           1           1
  Postscript output written to: BTO500_0001_rdfm_01.ps                                      
  Text output written to: BTO500_0001_rdfm_01.txt                                     

 Atoms:             Ba      Ti      O1      O2      O3  
 Atoms no.:         1       2       3       4       5
 Neutron at_weights:   0.5070 -0.3370  0.5805  0.5805  0.5805
 input: ./data/BTO500_n0001.dat                                     

   Monte Carlo integration    20000000  pairs
   Masks:           1           1           1           1           1
  Postscript output written to: BTO500_0001_rdfm_02.ps                                      


 2022/06/11 10:22:03  MP_SQOM 1.53  /Users/jiri/Documents/Work/Science/MD/MP_tools/examples/dl_poly

 Read parameter file:  BTO500.par
 OMP threads maximum =            4
 OMP processes requested 	=            2

     Ba    0.0000  0.0000  0.0000    1.0000  0.5070
     Ti    0.5000  0.5000  0.5000    1.0000 -0.3370
     O1    0.5000  0.5000  0.0000    1.0000  0.5805
     O2    0.0000  0.5000  0.5000    1.0000  0.5805
     O3    0.5000  0.0000  0.5000    1.0000  0.5805

 Input files:  ./data/BTO500_n0001.dat to ./data/BTO500_n0005.dat
   t0,t_step,n_row(3),n_atom:   340.019989       2.00195312E-02          50          50          50           5
   temperature [K]   509.910614    
 Atoms:        Ba     Ti     O1     O2     O3  
 Occupations:  1.000  1.000  1.000  1.000  1.000
Neutron weights b_coh:        0.507 -0.337  0.581  0.581  0.581
 Atom masks:   1      1      1      1      1
 Atom pair correlation:   0  0
 n_bz:           6
 Q-plane: e1 = [ 1 0 0], e2 = [ 0 1 0]
 Q center, Energy transfer [THz]:   0.00000000       0.00000000       0.00000000       0.00000000    
 Total scattering
 Energy resolution [THz]     INF
 Output files:  BTO500_sq_0001_0005_01.ps   BTO500_sq_0001_0005_01.txt

